\BOOKMARK [-1][]{Doc-Start}{\376\377\000\315\000n\000d\000i\000c\000e}{}% 1
\BOOKMARK [-1][]{part.1}{\376\377\000I\000\040\000C\000o\000n\000t\000e\000o}{}% 2
\BOOKMARK [0][]{chapter.1}{\376\377\000C\000o\000n\000j\000u\000n\000t\000o\000s\000\040\000y\000\040\000m\000u\000l\000t\000i\000c\000o\000n\000j\000u\000n\000t\000o\000s}{part.1}% 3
\BOOKMARK [0][]{chapter.2}{\376\377\000R\000e\000l\000a\000c\000i\000o\000n\000e\000s\000\040\000d\000e\000\040\000r\000e\000c\000u\000r\000r\000e\000n\000c\000i\000a}{part.1}% 4
\BOOKMARK [1][]{section.2.1}{\376\377\000O\000b\000t\000e\000n\000i\000e\000n\000d\000o\000\040\000r\000e\000c\000u\000r\000r\000e\000n\000c\000i\000a\000s}{chapter.2}% 5
\BOOKMARK [1][]{section.2.2}{\376\377\000M\000\351\000t\000o\000d\000o\000s\000\040\000p\000a\000r\000a\000\040\000e\000n\000c\000o\000n\000t\000r\000a\000r\000\040\000s\000o\000l\000u\000c\000i\000o\000n\000e\000s}{chapter.2}% 6
\BOOKMARK [2][]{subsection.2.2.1}{\376\377\000R\000e\000l\000a\000c\000i\000o\000n\000e\000s\000\040\000h\000o\000m\000o\000g\000\351\000n\000e\000a\000s}{section.2.2}% 7
\BOOKMARK [2][]{subsection.2.2.2}{\376\377\000R\000e\000l\000a\000c\000i\000o\000n\000e\000s\000\040\000n\000o\000\040\000h\000o\000m\000o\000g\000\351\000n\000e\000a\000s}{section.2.2}% 8
\BOOKMARK [2][]{subsection.2.2.3}{\376\377\000U\000s\000a\000n\000d\000o\000\040\000f\000u\000n\000c\000i\000o\000n\000e\000s\000\040\000g\000e\000n\000e\000r\000a\000t\000r\000i\000c\000e\000s}{section.2.2}% 9
\BOOKMARK [0][]{chapter.3}{\376\377\000F\000u\000n\000c\000i\000o\000n\000e\000s\000\040\000g\000e\000n\000e\000r\000a\000t\000r\000i\000c\000e\000s}{part.1}% 10
\BOOKMARK [1][]{section.3.1}{\376\377\000O\000r\000d\000i\000n\000a\000r\000i\000a\000s}{chapter.3}% 11
\BOOKMARK [1][]{section.3.2}{\376\377\000F\000.\000g\000.\000\040\000e\000x\000p\000o\000n\000e\000n\000c\000i\000a\000l\000e\000s}{chapter.3}% 12
\BOOKMARK [0][]{chapter.4}{\376\377\000P\000r\000i\000n\000c\000i\000p\000i\000o\000\040\000d\000e\000\040\000i\000n\000c\000l\000u\000s\000i\000\363\000n\000-\000e\000x\000c\000l\000u\000s\000i\000\363\000n}{part.1}% 13
\BOOKMARK [0][]{chapter.5}{\376\377\000E\000n\000u\000m\000e\000r\000a\000c\000i\000\363\000n\000\040\000b\000a\000j\000o\000\040\000a\000c\000c\000i\000o\000n\000e\000s\000\040\000d\000e\000\040\000g\000r\000u\000p\000o}{part.1}% 14
\BOOKMARK [0][]{chapter.6}{\376\377\000E\000j\000e\000r\000c\000i\000c\000i\000o\000s}{part.1}% 15
\BOOKMARK [-1][]{part.2}{\376\377\000I\000I\000\040\000A\000c\000o\000m\000o\000d\000o\000s}{}% 16
\BOOKMARK [0][]{chapter.7}{\376\377\000C\000o\000n\000j\000u\000n\000t\000o\000s\000\040\000p\000a\000r\000c\000i\000a\000l\000m\000e\000n\000t\000e\000\040\000o\000r\000d\000e\000n\000a\000d\000o\000s}{part.2}% 17
\BOOKMARK [0][]{chapter.8}{\376\377\000T\000e\000o\000r\000\355\000a\000\040\000e\000x\000t\000r\000e\000m\000a\000l\000\040\000d\000e\000\040\000c\000o\000n\000j\000u\000n\000t\000o\000s}{part.2}% 18
\BOOKMARK [1][]{section.8.1}{\376\377\000E\000r\000d\001\121\000s\000-\000K\000o\000-\000R\000a\000d\000\363}{chapter.8}% 19
\BOOKMARK [1][]{section.8.2}{\376\377\000T\000e\000o\000r\000e\000m\000a\000\040\000d\000e\000\040\000S\000p\000e\000r\000n\000e\000r}{chapter.8}% 20
\BOOKMARK [1][]{section.8.3}{\376\377\000D\000e\000\040\000B\000r\000u\000i\000j\000n\000-\000E\000r\000d\001\121\000s}{chapter.8}% 21
\BOOKMARK [0][]{chapter.9}{\376\377\000C\000u\000a\000d\000r\000a\000d\000o\000s\000\040\000l\000a\000t\000i\000n\000o\000s}{part.2}% 22
\BOOKMARK [0][]{chapter.10}{\376\377\000T\000e\000o\000r\000e\000m\000a\000\040\000d\000e\000\040\000H\000a\000l\000l}{part.2}% 23
\BOOKMARK [0][]{chapter.11}{\376\377\000D\000i\000s\000e\000\361\000o\000s\000\040\000d\000e\000\040\000b\000l\000o\000q\000u\000e\000s}{part.2}% 24
\BOOKMARK [0][]{chapter.12}{\376\377\000M\000a\000t\000r\000i\000c\000e\000s\000\040\000d\000e\000\040\000H\000a\000d\000a\000m\000a\000r\000d}{part.2}% 25
\BOOKMARK [0][]{chapter.13}{\376\377\000P\000l\000a\000n\000o\000s\000\040\000p\000r\000o\000y\000e\000c\000t\000i\000v\000o\000s\000\040\000f\000i\000n\000i\000t\000o\000s}{part.2}% 26
\BOOKMARK [0][]{chapter.14}{\376\377\000T\000e\000r\000n\000a\000s\000\040\000d\000e\000\040\000S\000t\000e\000i\000n\000e\000r}{part.2}% 27
\BOOKMARK [0][]{chapter.15}{\376\377\000E\000j\000e\000r\000c\000i\000c\000i\000o\000s}{part.2}% 28
